<?xml version="1.0" encoding="UTF-8"?>
<!-- Generated by org.testng.reporters.JUnitReportReporter -->
<testsuite hostname="JOSHMACHINE" failures="0" tests="1" name="com.ust.assignments.pomassignmentsTest.SearchPageTest" time="20.452" errors="0" timestamp="2020-11-04T15:51:36 IST" skipped="0">
  <testcase classname="com.ust.assignments.pomassignmentsTest.SearchPageTest" name="blankSearch" time="20.452"/>
  <system-out/>
</testsuite> <!-- com.ust.assignments.pomassignmentsTest.SearchPageTest -->
