<?xml version="1.0" encoding="UTF-8"?>
<!-- Generated by org.testng.reporters.JUnitReportReporter -->
<testsuite hostname="JOSHMACHINE" failures="0" tests="7" name="com.ust.assignments.pomassignmentsTest.AmazonPOMTest" time="159.277" errors="0" timestamp="2020-11-06T19:47:49 IST" skipped="0">
  <testcase classname="com.ust.assignments.pomassignmentsTest.AmazonPOMTest" name="login" time="11.776"/>
  <system-out/>
  <testcase classname="com.ust.assignments.pomassignmentsTest.AmazonPOMTest" name="pageSelection" time="41.541"/>
  <system-out/>
  <testcase classname="com.ust.assignments.pomassignmentsTest.AmazonPOMTest" name="SelectingItem" time="21.245"/>
  <system-out/>
  <testcase classname="com.ust.assignments.pomassignmentsTest.AmazonPOMTest" name="AddToCartItem" time="25.252"/>
  <system-out/>
  <testcase classname="com.ust.assignments.pomassignmentsTest.AmazonPOMTest" name="categorySelectionSecondItem" time="15.756"/>
  <system-out/>
  <testcase classname="com.ust.assignments.pomassignmentsTest.AmazonPOMTest" name="SelectionSecondItem" time="24.980"/>
  <system-out/>
  <testcase classname="com.ust.assignments.pomassignmentsTest.AmazonPOMTest" name="signoutAndSignInAgain" time="18.727"/>
  <system-out/>
</testsuite> <!-- com.ust.assignments.pomassignmentsTest.AmazonPOMTest -->
